{
  "RSpec": {
    "coverage": {
      "/home/thiago/Projetos/freight-TMS/app/models/user.rb": [
        1,
        null,
        null,
        1,
        null,
        null,
        1,
        1,
        1,
        null
      ],
      "/home/thiago/Projetos/freight-TMS/app/helpers/application_helper.rb": [
        1,
        null
      ],
      "/home/thiago/Projetos/freight-TMS/app/controllers/freights_controller.rb": [
        1,
        1,
        1,
        null,
        1,
        0,
        0,
        null,
        null,
        1,
        1,
        1,
        null,
        null,
        1,
        0,
        0,
        0,
        0,
        0,
        null,
        null,
        1,
        0,
        0,
        null,
        null,
        1,
        0,
        0,
        0,
        null,
        null,
        1,
        0,
        null,
        null,
        1,
        0,
        0,
        0,
        0,
        null,
        null,
        1,
        null,
        1,
        0,
        null,
        null,
        null,
        null,
        null,
        null,
        null,
        null
      ],
      "/home/thiago/Projetos/freight-TMS/app/controllers/application_controller.rb": [
        1,
        null,
        null,
        1,
        1,
        null
      ],
      "/home/thiago/Projetos/freight-TMS/app/models/city.rb": [
        1,
        1,
        1,
        null,
        1,
        1,
        null,
        null
      ],
      "/home/thiago/Projetos/freight-TMS/app/models/contact.rb": [
        1,
        1,
        1,
        null,
        1,
        null,
        null
      ],
      "/home/thiago/Projetos/freight-TMS/app/models/country.rb": [
        1,
        1,
        null,
        1,
        1,
        null
      ],
      "/home/thiago/Projetos/freight-TMS/app/models/freight.rb": [
        1,
        1,
        1,
        1,
        null,
        1,
        null,
        1,
        1,
        1,
        null,
        1,
        1,
        1,
        1,
        1,
        1,
        1,
        null,
        null,
        null,
        null,
        null,
        null,
        1,
        1,
        1,
        1,
        1,
        1,
        1,
        1,
        1,
        1,
        null,
        1,
        6,
        null,
        null,
        1,
        2,
        null,
        null,
        1,
        2,
        null,
        null,
        1,
        2,
        null,
        null,
        1,
        2,
        null,
        null,
        1,
        3,
        3,
        3,
        null,
        null,
        1,
        2,
        null,
        null,
        2,
        null,
        null
      ],
      "/home/thiago/Projetos/freight-TMS/app/validators/expiration_validator.rb": [
        1,
        1,
        73,
        13,
        2,
        null,
        null,
        null,
        null
      ],
      "/home/thiago/Projetos/freight-TMS/app/validators/shipment_validator.rb": [
        1,
        1,
        73,
        7,
        2,
        null,
        null,
        7,
        1,
        1,
        null,
        null,
        null,
        null,
        null
      ],
      "/home/thiago/Projetos/freight-TMS/app/models/shipper.rb": [
        1,
        1,
        1,
        1,
        null,
        1,
        1,
        1,
        1,
        null
      ],
      "/home/thiago/Projetos/freight-TMS/app/models/state.rb": [
        1,
        1,
        1,
        null,
        1,
        1,
        null,
        null
      ]
    },
    "timestamp": 1394531505
  }
}
